Base path: /Applications/Unity/Unity.app/Contents
Pipe name: \\.\pipe\UnityShaderCompiler-64bit-1-2052088576
Cmd: getPlatforms
Cmd: preprocess
  insize=438 outsize=1480 ok=1
Cmd: preprocess
  insize=276 outsize=270 ok=1
Cmd: compileSnippet
  api=0 type=0 insize=303 outsize=0 kw= ok=1
Cmd: compileSnippet
  api=0 type=1 insize=303 outsize=6 kw= ok=1
Cmd: preprocess
  insize=323 outsize=317 ok=1
Cmd: compileSnippet
  api=0 type=0 insize=305 outsize=0 kw= ok=1
Cmd: compileSnippet
  api=0 type=1 insize=305 outsize=6 kw= ok=1
Cmd: preprocess
  insize=360 outsize=354 ok=1
Cmd: compileSnippet
  api=0 type=0 insize=305 outsize=0 kw= ok=1
Cmd: compileSnippet
  api=0 type=1 insize=305 outsize=6 kw= ok=1
Cmd: preprocess
  insize=405 outsize=399 ok=1
Cmd: compileSnippet
  api=0 type=0 insize=305 outsize=0 kw= ok=1
Cmd: compileSnippet
  api=0 type=1 insize=305 outsize=6 kw= ok=1
